

Microchip MPLAB XC8 Assembler V2.31 build 20201012212115 
                                                                                               Fri Oct 01 22:08:43 2021

Microchip MPLAB XC8 C Compiler v2.31 (Free license) build 20201012212115 Og1 
     1                           	processor	18F4550
     2                           	fnconf	rparam,??,?,0
     3                           	pagewidth 120
     4                           	opt	flic
     5                           	psect	idataCOMRAM,global,class=CODE,delta=1,noexec
     6                           	psect	idataBANK0,global,class=CODE,delta=1,noexec
     7                           	psect	idataBANK1,global,class=CODE,delta=1,noexec
     8                           	psect	cinit,global,reloc=2,class=CODE,delta=1
     9                           	psect	bssCOMRAM,global,class=COMRAM,space=1,delta=1,lowdata,noexec
    10                           	psect	dataCOMRAM,global,class=COMRAM,space=1,delta=1,lowdata,noexec
    11                           	psect	dataBANK0,global,class=BANK0,space=1,delta=1,lowdata,noexec
    12                           	psect	dataBANK1,global,class=BANK1,space=1,delta=1,lowdata,noexec
    13                           	psect	cstackCOMRAM,global,class=COMRAM,space=1,delta=1,lowdata,noexec
    14                           	psect	text0,global,reloc=2,class=CODE,delta=1
    15                           	psect	text1,global,reloc=2,class=CODE,delta=1
    16                           	psect	text2,global,reloc=2,class=CODE,delta=1
    17                           	psect	text3,global,reloc=2,class=CODE,delta=1
    18                           	psect	text4,global,reloc=2,class=CODE,delta=1
    19                           	psect	text5,global,reloc=2,class=CODE,delta=1
    20                           	psect	text6,global,reloc=2,class=CODE,delta=1
    21                           	psect	text7,global,reloc=2,class=CODE,delta=1
    22                           	psect	text8,global,reloc=2,class=CODE,delta=1
    23                           	psect	text9,global,reloc=2,class=CODE,delta=1
    24                           	psect	intsave_regs,global,class=BIGRAM,space=1,delta=1,noexec
    25                           	psect	rparam,global,class=COMRAM,space=1,delta=1,noexec
    26                           	psect	idloc,global,abs,ovrld,class=IDLOC,space=5,delta=1,noexec
    27                           	psect	config,global,abs,ovrld,class=CONFIG,space=4,delta=1,noexec
    28  0000                     
    29                           ; Version 2.20
    30                           ; Generated 12/02/2020 GMT
    31                           ; 
    32                           ; Copyright © 2020, Microchip Technology Inc. and its subsidiaries ("Microchip")
    33                           ; All rights reserved.
    34                           ; 
    35                           ; This software is developed by Microchip Technology Inc. and its subsidiaries ("Microch
      +                          ip").
    36                           ; 
    37                           ; Redistribution and use in source and binary forms, with or without modification, are
    38                           ; permitted provided that the following conditions are met:
    39                           ; 
    40                           ;     1. Redistributions of source code must retain the above copyright notice, this lis
      +                          t of
    41                           ;        conditions and the following disclaimer.
    42                           ; 
    43                           ;     2. Redistributions in binary form must reproduce the above copyright notice, this 
      +                          list
    44                           ;        of conditions and the following disclaimer in the documentation and/or other
    45                           ;        materials provided with the distribution.
    46                           ; 
    47                           ;     3. Microchip's name may not be used to endorse or promote products derived from th
      +                          is
    48                           ;        software without specific prior written permission.
    49                           ; 
    50                           ; THIS SOFTWARE IS PROVIDED BY MICROCHIP "AS IS" AND ANY EXPRESS OR IMPLIED WARRANTIES,
    51                           ; INCLUDING, BUT NOT LIMITED TO, THE IMPLIED WARRANTIES OF MERCHANTABILITY AND FITNESS F
      +                          OR
    52                           ; PURPOSE ARE DISCLAIMED.  IN NO EVENT SHALL MICROCHIP BE LIABLE FOR ANY DIRECT, INDIREC
      +                          T,
    53                           ; INCIDENTAL, SPECIAL, EXEMPLARY, OR CONSEQUENTIAL DAMAGES (INCLUDING BUT NOT LIMITED TO
    54                           ; PROCUREMENT OF SUBSTITUTE GOODS OR SERVICES; LOSS OF USE, DATA OR PROFITS; OR BUSINESS
    55                           ; INTERRUPTION) HOWSOEVER CAUSED AND ON ANY THEORY OF LIABILITY, WHETHER IN CONTRACT, ST
      +                          RICT
    56                           ; LIABILITY, OR TORT (INCLUDING NEGLIGENCE OR OTHERWISE) ARISING IN ANY WAY OUT OF THE U
      +                          SE OF
    57                           ; THIS SOFTWARE, EVEN IF ADVISED OF THE POSSIBILITY OF SUCH DAMAGE.
    58                           ; 
    59                           ; 
    60                           ; Code-generator required, PIC18F4550 Definitions
    61                           ; 
    62                           ; SFR Addresses
    63  0000                     
    64                           	psect	idataCOMRAM
    65  007C35                     __pidataCOMRAM:
    66                           	callstack 0
    67                           
    68                           ;initializer for _rtc
    69  007C35  00                 	db	0
    70  007C36  30                 	db	48
    71  007C37  08                 	db	8
    72  007C38  02                 	db	2
    73  007C39  20                 	db	32
    74  007C3A  06                 	db	6
    75  007C3B  21                 	db	33
    76  007C3C  00                 	db	0
    77                           
    78                           ;initializer for _error
    79  007C3D  45                 	db	69
    80  007C3E  72                 	db	114
    81  007C3F  72                 	db	114
    82  007C40  6F                 	db	111
    83  007C41  72                 	db	114
    84  007C42  21                 	db	33
    85  007C43  00                 	db	0
    86                           
    87                           	psect	idataBANK0
    88  007D34                     __pidataBANK0:
    89                           	callstack 0
    90                           
    91                           ;initializer for _days
    92  007D34  4D                 	db	77
    93  007D35  6F                 	db	111
    94  007D36  6E                 	db	110
    95  007D37  00                 	db	0
    96  007D38  00                 	db	0
    97  007D39  00                 	db	0
    98  007D3A  00                 	db	0
    99  007D3B  00                 	db	0
   100  007D3C  00                 	db	0
   101  007D3D  00                 	db	0
   102  007D3E  54                 	db	84
   103  007D3F  75                 	db	117
   104  007D40  65                 	db	101
   105  007D41  00                 	db	0
   106  007D42  00                 	db	0
   107  007D43  00                 	db	0
   108  007D44  00                 	db	0
   109  007D45  00                 	db	0
   110  007D46  00                 	db	0
   111  007D47  00                 	db	0
   112  007D48  57                 	db	87
   113  007D49  65                 	db	101
   114  007D4A  6E                 	db	110
   115  007D4B  00                 	db	0
   116  007D4C  00                 	db	0
   117  007D4D  00                 	db	0
   118  007D4E  00                 	db	0
   119  007D4F  00                 	db	0
   120  007D50  00                 	db	0
   121  007D51  00                 	db	0
   122  007D52  54                 	db	84
   123  007D53  68                 	db	104
   124  007D54  75                 	db	117
   125  007D55  00                 	db	0
   126  007D56  00                 	db	0
   127  007D57  00                 	db	0
   128  007D58  00                 	db	0
   129  007D59  00                 	db	0
   130  007D5A  00                 	db	0
   131  007D5B  00                 	db	0
   132  007D5C  46                 	db	70
   133  007D5D  72                 	db	114
   134  007D5E  69                 	db	105
   135  007D5F  00                 	db	0
   136  007D60  00                 	db	0
   137  007D61  00                 	db	0
   138  007D62  00                 	db	0
   139  007D63  00                 	db	0
   140  007D64  00                 	db	0
   141  007D65  00                 	db	0
   142  007D66  53                 	db	83
   143  007D67  61                 	db	97
   144  007D68  74                 	db	116
   145  007D69  00                 	db	0
   146  007D6A  00                 	db	0
   147  007D6B  00                 	db	0
   148  007D6C  00                 	db	0
   149  007D6D  00                 	db	0
   150  007D6E  00                 	db	0
   151  007D6F  00                 	db	0
   152  007D70  53                 	db	83
   153  007D71  75                 	db	117
   154  007D72  6E                 	db	110
   155  007D73  00                 	db	0
   156  007D74  00                 	db	0
   157  007D75  00                 	db	0
   158  007D76  00                 	db	0
   159  007D77  00                 	db	0
   160  007D78  00                 	db	0
   161  007D79  00                 	db	0
   162  007D7A  00                 	db	0
   163  007D7B  00                 	db	0
   164  007D7C  00                 	db	0
   165  007D7D  00                 	db	0
   166  007D7E  00                 	db	0
   167  007D7F  00                 	db	0
   168  007D80  00                 	db	0
   169  007D81  00                 	db	0
   170  007D82  00                 	db	0
   171  007D83  00                 	db	0
   172  007D84  00                 	db	0
   173  007D85  00                 	db	0
   174  007D86  00                 	db	0
   175  007D87  00                 	db	0
   176  007D88  00                 	db	0
   177  007D89  00                 	db	0
   178  007D8A  00                 	db	0
   179  007D8B  00                 	db	0
   180  007D8C  00                 	db	0
   181  007D8D  00                 	db	0
   182  007D8E  00                 	db	0
   183  007D8F  00                 	db	0
   184  007D90  00                 	db	0
   185  007D91  00                 	db	0
   186  007D92  00                 	db	0
   187  007D93  00                 	db	0
   188  007D94  00                 	db	0
   189  007D95  00                 	db	0
   190  007D96  00                 	db	0
   191  007D97  00                 	db	0
   192                           
   193                           	psect	idataBANK1
   194  007E0F                     __pidataBANK1:
   195                           	callstack 0
   196                           
   197                           ;initializer for _months
   198  007E0F  4A                 	db	74
   199  007E10  75                 	db	117
   200  007E11  6E                 	db	110
   201  007E12  00                 	db	0
   202  007E13  00                 	db	0
   203  007E14  00                 	db	0
   204  007E15  00                 	db	0
   205  007E16  00                 	db	0
   206  007E17  00                 	db	0
   207  007E18  00                 	db	0
   208  007E19  00                 	db	0
   209  007E1A  00                 	db	0
   210  007E1B  00                 	db	0
   211  007E1C  00                 	db	0
   212  007E1D  00                 	db	0
   213  007E1E  46                 	db	70
   214  007E1F  65                 	db	101
   215  007E20  62                 	db	98
   216  007E21  00                 	db	0
   217  007E22  00                 	db	0
   218  007E23  00                 	db	0
   219  007E24  00                 	db	0
   220  007E25  00                 	db	0
   221  007E26  00                 	db	0
   222  007E27  00                 	db	0
   223  007E28  00                 	db	0
   224  007E29  00                 	db	0
   225  007E2A  00                 	db	0
   226  007E2B  00                 	db	0
   227  007E2C  00                 	db	0
   228  007E2D  4D                 	db	77
   229  007E2E  61                 	db	97
   230  007E2F  72                 	db	114
   231  007E30  00                 	db	0
   232  007E31  00                 	db	0
   233  007E32  00                 	db	0
   234  007E33  00                 	db	0
   235  007E34  00                 	db	0
   236  007E35  00                 	db	0
   237  007E36  00                 	db	0
   238  007E37  00                 	db	0
   239  007E38  00                 	db	0
   240  007E39  00                 	db	0
   241  007E3A  00                 	db	0
   242  007E3B  00                 	db	0
   243  007E3C  41                 	db	65
   244  007E3D  70                 	db	112
   245  007E3E  72                 	db	114
   246  007E3F  00                 	db	0
   247  007E40  00                 	db	0
   248  007E41  00                 	db	0
   249  007E42  00                 	db	0
   250  007E43  00                 	db	0
   251  007E44  00                 	db	0
   252  007E45  00                 	db	0
   253  007E46  00                 	db	0
   254  007E47  00                 	db	0
   255  007E48  00                 	db	0
   256  007E49  00                 	db	0
   257  007E4A  00                 	db	0
   258  007E4B  4D                 	db	77
   259  007E4C  61                 	db	97
   260  007E4D  79                 	db	121
   261  007E4E  00                 	db	0
   262  007E4F  00                 	db	0
   263  007E50  00                 	db	0
   264  007E51  00                 	db	0
   265  007E52  00                 	db	0
   266  007E53  00                 	db	0
   267  007E54  00                 	db	0
   268  007E55  00                 	db	0
   269  007E56  00                 	db	0
   270  007E57  00                 	db	0
   271  007E58  00                 	db	0
   272  007E59  00                 	db	0
   273  007E5A  4A                 	db	74
   274  007E5B  75                 	db	117
   275  007E5C  6E                 	db	110
   276  007E5D  00                 	db	0
   277  007E5E  00                 	db	0
   278  007E5F  00                 	db	0
   279  007E60  00                 	db	0
   280  007E61  00                 	db	0
   281  007E62  00                 	db	0
   282  007E63  00                 	db	0
   283  007E64  00                 	db	0
   284  007E65  00                 	db	0
   285  007E66  00                 	db	0
   286  007E67  00                 	db	0
   287  007E68  00                 	db	0
   288  007E69  4A                 	db	74
   289  007E6A  75                 	db	117
   290  007E6B  6C                 	db	108
   291  007E6C  00                 	db	0
   292  007E6D  00                 	db	0
   293  007E6E  00                 	db	0
   294  007E6F  00                 	db	0
   295  007E70  00                 	db	0
   296  007E71  00                 	db	0
   297  007E72  00                 	db	0
   298  007E73  00                 	db	0
   299  007E74  00                 	db	0
   300  007E75  00                 	db	0
   301  007E76  00                 	db	0
   302  007E77  00                 	db	0
   303  007E78  41                 	db	65
   304  007E79  75                 	db	117
   305  007E7A  67                 	db	103
   306  007E7B  00                 	db	0
   307  007E7C  00                 	db	0
   308  007E7D  00                 	db	0
   309  007E7E  00                 	db	0
   310  007E7F  00                 	db	0
   311  007E80  00                 	db	0
   312  007E81  00                 	db	0
   313  007E82  00                 	db	0
   314  007E83  00                 	db	0
   315  007E84  00                 	db	0
   316  007E85  00                 	db	0
   317  007E86  00                 	db	0
   318  007E87  53                 	db	83
   319  007E88  65                 	db	101
   320  007E89  70                 	db	112
   321  007E8A  00                 	db	0
   322  007E8B  00                 	db	0
   323  007E8C  00                 	db	0
   324  007E8D  00                 	db	0
   325  007E8E  00                 	db	0
   326  007E8F  00                 	db	0
   327  007E90  00                 	db	0
   328  007E91  00                 	db	0
   329  007E92  00                 	db	0
   330  007E93  00                 	db	0
   331  007E94  00                 	db	0
   332  007E95  00                 	db	0
   333  007E96  4F                 	db	79
   334  007E97  63                 	db	99
   335  007E98  74                 	db	116
   336  007E99  00                 	db	0
   337  007E9A  00                 	db	0
   338  007E9B  00                 	db	0
   339  007E9C  00                 	db	0
   340  007E9D  00                 	db	0
   341  007E9E  00                 	db	0
   342  007E9F  00                 	db	0
   343  007EA0  00                 	db	0
   344  007EA1  00                 	db	0
   345  007EA2  00                 	db	0
   346  007EA3  00                 	db	0
   347  007EA4  00                 	db	0
   348  007EA5  4E                 	db	78
   349  007EA6  6F                 	db	111
   350  007EA7  76                 	db	118
   351  007EA8  00                 	db	0
   352  007EA9  00                 	db	0
   353  007EAA  00                 	db	0
   354  007EAB  00                 	db	0
   355  007EAC  00                 	db	0
   356  007EAD  00                 	db	0
   357  007EAE  00                 	db	0
   358  007EAF  00                 	db	0
   359  007EB0  00                 	db	0
   360  007EB1  00                 	db	0
   361  007EB2  00                 	db	0
   362  007EB3  00                 	db	0
   363  007EB4  44                 	db	68
   364  007EB5  65                 	db	101
   365  007EB6  63                 	db	99
   366  007EB7  00                 	db	0
   367  007EB8  00                 	db	0
   368  007EB9  00                 	db	0
   369  007EBA  00                 	db	0
   370  007EBB  00                 	db	0
   371  007EBC  00                 	db	0
   372  007EBD  00                 	db	0
   373  007EBE  00                 	db	0
   374  007EBF  00                 	db	0
   375  007EC0  00                 	db	0
   376  007EC1  00                 	db	0
   377  007EC2  00                 	db	0
   378  007EC3  00                 	db	0
   379  007EC4  00                 	db	0
   380  007EC5  00                 	db	0
   381  007EC6  00                 	db	0
   382  007EC7  00                 	db	0
   383  007EC8  00                 	db	0
   384  007EC9  00                 	db	0
   385  007ECA  00                 	db	0
   386  007ECB  00                 	db	0
   387  007ECC  00                 	db	0
   388  007ECD  00                 	db	0
   389  007ECE  00                 	db	0
   390  007ECF  00                 	db	0
   391  007ED0  00                 	db	0
   392  007ED1  00                 	db	0
   393  007ED2  00                 	db	0
   394  007ED3  00                 	db	0
   395  007ED4  00                 	db	0
   396  007ED5  00                 	db	0
   397  007ED6  00                 	db	0
   398  007ED7  00                 	db	0
   399  007ED8  00                 	db	0
   400  007ED9  00                 	db	0
   401  007EDA  00                 	db	0
   402  007EDB  00                 	db	0
   403  007EDC  00                 	db	0
   404  007EDD  00                 	db	0
   405  007EDE  00                 	db	0
   406  007EDF  00                 	db	0
   407  007EE0  00                 	db	0
   408  007EE1  00                 	db	0
   409  007EE2  00                 	db	0
   410  007EE3  00                 	db	0
   411  007EE4  00                 	db	0
   412  007EE5  00                 	db	0
   413  007EE6  00                 	db	0
   414  007EE7  00                 	db	0
   415  007EE8  00                 	db	0
   416  007EE9  00                 	db	0
   417  007EEA  00                 	db	0
   418  007EEB  00                 	db	0
   419  007EEC  00                 	db	0
   420  007EED  00                 	db	0
   421  007EEE  00                 	db	0
   422  007EEF  00                 	db	0
   423  0000                     _RCREG	set	4014
   424  0000                     _TXREG	set	4013
   425  0000                     _PIR1bits	set	3998
   426  0000                     _RCSTAbits	set	4011
   427  0000                     _TXSTAbits	set	4012
   428  0000                     _SPBRG	set	4015
   429  0000                     _TRISCbits	set	3988
   430  0000                     _SSPBUF	set	4041
   431  0000                     _SSPCON2bits	set	4037
   432  0000                     _SSPADD	set	4040
   433  0000                     _SSPCON1bits	set	4038
   434  0000                     _SSPSTATbits	set	4039
   435  0000                     _TRISBbits	set	3987
   436  0000                     _CREN	set	32092
   437                           
   438                           ; #config settings
   439                           
   440                           	psect	cinit
   441  007D98                     __pcinit:
   442                           	callstack 0
   443  007D98                     start_initialization:
   444                           	callstack 0
   445  007D98                     __initialization:
   446                           	callstack 0
   447                           
   448                           ; Initialize objects allocated to BANK1 (225 bytes)
   449                           ; load TBLPTR registers with __pidataBANK1
   450  007D98  0E0F               	movlw	low __pidataBANK1
   451  007D9A  6EF6               	movwf	tblptrl,c
   452  007D9C  0E7E               	movlw	high __pidataBANK1
   453  007D9E  6EF7               	movwf	tblptrh,c
   454  007DA0  0E00               	movlw	low (__pidataBANK1 shr (0+16))
   455  007DA2  6EF8               	movwf	tblptru,c
   456  007DA4  EE01  F000         	lfsr	0,__pdataBANK1
   457  007DA8  EE10 F0E1          	lfsr	1,225
   458  007DAC                     copy_data0:
   459  007DAC  0009               	tblrd		*+
   460  007DAE  CFF5 FFEE          	movff	tablat,postinc0
   461  007DB2  50E5               	movf	postdec1,w,c
   462  007DB4  50E1               	movf	fsr1l,w,c
   463  007DB6  E1FA               	bnz	copy_data0
   464                           
   465                           ; Initialize objects allocated to BANK0 (100 bytes)
   466                           ; load TBLPTR registers with __pidataBANK0
   467  007DB8  0E34               	movlw	low __pidataBANK0
   468  007DBA  6EF6               	movwf	tblptrl,c
   469  007DBC  0E7D               	movlw	high __pidataBANK0
   470  007DBE  6EF7               	movwf	tblptrh,c
   471  007DC0  0E00               	movlw	low (__pidataBANK0 shr (0+16))
   472  007DC2  6EF8               	movwf	tblptru,c
   473  007DC4  EE00  F060         	lfsr	0,__pdataBANK0
   474  007DC8  EE10 F064          	lfsr	1,100
   475  007DCC                     copy_data1:
   476  007DCC  0009               	tblrd		*+
   477  007DCE  CFF5 FFEE          	movff	tablat,postinc0
   478  007DD2  50E5               	movf	postdec1,w,c
   479  007DD4  50E1               	movf	fsr1l,w,c
   480  007DD6  E1FA               	bnz	copy_data1
   481                           
   482                           ; Initialize objects allocated to COMRAM (15 bytes)
   483                           ; load TBLPTR registers with __pidataCOMRAM
   484  007DD8  0E35               	movlw	low __pidataCOMRAM
   485  007DDA  6EF6               	movwf	tblptrl,c
   486  007DDC  0E7C               	movlw	high __pidataCOMRAM
   487  007DDE  6EF7               	movwf	tblptrh,c
   488  007DE0  0E00               	movlw	low (__pidataCOMRAM shr (0+16))
   489  007DE2  6EF8               	movwf	tblptru,c
   490  007DE4  EE00  F001         	lfsr	0,__pdataCOMRAM
   491  007DE8  EE10 F00F          	lfsr	1,15
   492  007DEC                     copy_data2:
   493  007DEC  0009               	tblrd		*+
   494  007DEE  CFF5 FFEE          	movff	tablat,postinc0
   495  007DF2  50E5               	movf	postdec1,w,c
   496  007DF4  50E1               	movf	fsr1l,w,c
   497  007DF6  E1FA               	bnz	copy_data2
   498                           
   499                           ; Clear objects allocated to COMRAM (13 bytes)
   500  007DF8  EE00  F010         	lfsr	0,__pbssCOMRAM
   501  007DFC  0E0D               	movlw	13
   502  007DFE                     clear_0:
   503  007DFE  6AEE               	clrf	postinc0,c
   504  007E00  06E8               	decf	wreg,f,c
   505  007E02  E1FD               	bnz	clear_0
   506  007E04                     end_of_initialization:
   507                           	callstack 0
   508  007E04                     __end_of__initialization:
   509                           	callstack 0
   510  007E04  0E00               	movlw	low (__Lmediumconst shr (0+16))
   511  007E06  6EF8               	movwf	tblptru,c
   512  007E08  0100               	movlb	0
   513  007E0A  EF78  F03F         	goto	_main	;jump to C main() function
   514                           
   515                           	psect	bssCOMRAM
   516  000010                     __pbssCOMRAM:
   517                           	callstack 0
   518  000010                     _tx_data:
   519                           	callstack 0
   520  000010                     	ds	10
   521  00001A                     _day:
   522                           	callstack 0
   523  00001A                     	ds	1
   524  00001B                     _j:
   525                           	callstack 0
   526  00001B                     	ds	1
   527  00001C                     _i:
   528                           	callstack 0
   529  00001C                     	ds	1
   530                           
   531                           	psect	dataCOMRAM
   532  000001                     __pdataCOMRAM:
   533                           	callstack 0
   534  000001                     _rtc:
   535                           	callstack 0
   536  000001                     	ds	8
   537  000009                     _error:
   538                           	callstack 0
   539  000009                     	ds	7
   540                           
   541                           	psect	dataBANK0
   542  000060                     __pdataBANK0:
   543                           	callstack 0
   544  000060                     _days:
   545                           	callstack 0
   546  000060                     	ds	100
   547                           
   548                           	psect	dataBANK1
   549  000100                     __pdataBANK1:
   550                           	callstack 0
   551  000100                     _months:
   552                           	callstack 0
   553  000100                     	ds	225
   554                           
   555                           	psect	cstackCOMRAM
   556  00001D                     __pcstackCOMRAM:
   557                           	callstack 0
   558  00001D                     i2c_write@data:
   559                           	callstack 0
   560  00001D                     i2c_read@ack:
   561                           	callstack 0
   562  00001D                     uart_byte@data:
   563                           	callstack 0
   564                           
   565                           ; 1 bytes @ 0x0
   566  00001D                     	ds	1
   567  00001E                     i2c_read@receive:
   568                           	callstack 0
   569                           
   570                           ; 1 bytes @ 0x1
   571  00001E                     	ds	1
   572  00001F                     ??_main:
   573                           
   574                           ; 1 bytes @ 0x2
   575  00001F                     	ds	2
   576                           
   577 ;;
   578 ;;Main: autosize = 0, tempsize = 2, incstack = 0, save=0
   579 ;;
   580 ;; *************** function _main *****************
   581 ;; Defined at:
   582 ;;		line 9 in file "main.c"
   583 ;; Parameters:    Size  Location     Type
   584 ;;		None
   585 ;; Auto vars:     Size  Location     Type
   586 ;;		None
   587 ;; Return value:  Size  Location     Type
   588 ;;                  1    wreg      void 
   589 ;; Registers used:
   590 ;;		wreg, fsr2l, fsr2h, status,2, status,0, cstack
   591 ;; Tracked objects:
   592 ;;		On entry : 0/0
   593 ;;		On exit  : 0/0
   594 ;;		Unchanged: 0/0
   595 ;; Data sizes:     COMRAM   BANK0   BANK1   BANK2   BANK3   BANK4   BANK5   BANK6   BANK7
   596 ;;      Params:         0       0       0       0       0       0       0       0       0
   597 ;;      Locals:         0       0       0       0       0       0       0       0       0
   598 ;;      Temps:          2       0       0       0       0       0       0       0       0
   599 ;;      Totals:         2       0       0       0       0       0       0       0       0
   600 ;;Total ram usage:        2 bytes
   601 ;; Hardware stack levels required when called:    3
   602 ;; This function calls:
   603 ;;		_i2c_init
   604 ;;		_i2c_read
   605 ;;		_i2c_restart
   606 ;;		_i2c_start
   607 ;;		_i2c_stop
   608 ;;		_i2c_write
   609 ;;		_uart_byte
   610 ;;		_uart_init
   611 ;; This function is called by:
   612 ;;		Startup code after reset
   613 ;; This function uses a non-reentrant model
   614 ;;
   615                           
   616                           	psect	text0
   617  007EF0                     __ptext0:
   618                           	callstack 0
   619  007EF0                     _main:
   620                           	callstack 28
   621  007EF0                     
   622                           ;main.c: 10:     uart_init();
   623  007EF0  EC54  F03E         	call	_uart_init	;wreg free
   624                           
   625                           ;main.c: 11:     i2c_init();
   626  007EF4  EC48  F03E         	call	_i2c_init	;wreg free
   627  007EF8                     
   628                           ;main.c: 13:     i2c_start();
   629  007EF8  EC34  F03E         	call	_i2c_start	;wreg free
   630  007EFC                     
   631                           ;main.c: 14:     i2c_write((0xD0));
   632  007EFC  0ED0               	movlw	208
   633  007EFE  EC60  F03E         	call	_i2c_write
   634  007F02                     
   635                           ;main.c: 15:     i2c_write(0x00);
   636  007F02  0E00               	movlw	0
   637  007F04  EC60  F03E         	call	_i2c_write
   638                           
   639                           ;main.c: 18:     for (i=0; i<7; i++) {
   640  007F08  0E00               	movlw	0
   641  007F0A  6E1C               	movwf	_i^0,c
   642  007F0C                     l921:
   643                           
   644                           ;main.c: 19:         i2c_write(rtc[i]);
   645  007F0C  0E01               	movlw	low _rtc
   646  007F0E  241C               	addwf	_i^0,w,c
   647  007F10  6ED9               	movwf	fsr2l,c
   648  007F12  6ADA               	clrf	fsr2h,c
   649  007F14  0E00               	movlw	high _rtc
   650  007F16  22DA               	addwfc	fsr2h,f,c
   651  007F18  50DF               	movf	indf2,w,c
   652  007F1A  EC60  F03E         	call	_i2c_write
   653  007F1E                     
   654                           ;main.c: 20:         _delay((unsigned long)((20)*(40000000UL/4000.0)));
   655  007F1E  0E02               	movlw	2
   656  007F20  6E20               	movwf	(??_main+1)^0,c
   657  007F22  0E04               	movlw	4
   658  007F24  6E1F               	movwf	??_main^0,c
   659  007F26  0EBA               	movlw	186
   660  007F28                     u197:
   661  007F28  2EE8               	decfsz	wreg,f,c
   662  007F2A  D7FE               	bra	u197
   663  007F2C  2E1F               	decfsz	??_main^0,f,c
   664  007F2E  D7FC               	bra	u197
   665  007F30  2E20               	decfsz	(??_main+1)^0,f,c
   666  007F32  D7FA               	bra	u197
   667  007F34  D000               	nop2	
   668  007F36                     
   669                           ;main.c: 21:     }
   670  007F36  2A1C               	incf	_i^0,f,c
   671  007F38  0E06               	movlw	6
   672  007F3A  641C               	cpfsgt	_i^0,c
   673  007F3C  EFA2  F03F         	goto	u111
   674  007F40  EFA4  F03F         	goto	u110
   675  007F44                     u111:
   676  007F44  EF86  F03F         	goto	l921
   677  007F48                     u110:
   678  007F48                     
   679                           ;main.c: 22:     i2c_stop();
   680  007F48  EC22  F03E         	call	_i2c_stop	;wreg free
   681  007F4C                     l35:
   682                           
   683                           ;main.c: 25:     {;main.c: 26:         i2c_start();
   684  007F4C  EC34  F03E         	call	_i2c_start	;wreg free
   685  007F50                     
   686                           ;main.c: 27:         i2c_write((0xD0));
   687  007F50  0ED0               	movlw	208
   688  007F52  EC60  F03E         	call	_i2c_write
   689  007F56                     
   690                           ;main.c: 28:         i2c_write(0x00);
   691  007F56  0E00               	movlw	0
   692  007F58  EC60  F03E         	call	_i2c_write
   693                           
   694                           ;main.c: 30:         i2c_restart();
   695  007F5C  EC2B  F03E         	call	_i2c_restart	;wreg free
   696  007F60                     
   697                           ;main.c: 31:         i2c_write((0xD1));
   698  007F60  0ED1               	movlw	209
   699  007F62  EC60  F03E         	call	_i2c_write
   700  007F66                     
   701                           ;main.c: 34:         tx_data[0] = i2c_read(0);
   702  007F66  0E00               	movlw	0
   703  007F68  EC7E  F03E         	call	_i2c_read
   704  007F6C  6E10               	movwf	_tx_data^0,c
   705  007F6E                     
   706                           ;main.c: 35:         tx_data[1] = i2c_read(0);
   707  007F6E  0E00               	movlw	0
   708  007F70  EC7E  F03E         	call	_i2c_read
   709  007F74  6E11               	movwf	(_tx_data+1)^0,c
   710  007F76                     
   711                           ;main.c: 36:         tx_data[2] = i2c_read(0);
   712  007F76  0E00               	movlw	0
   713  007F78  EC7E  F03E         	call	_i2c_read
   714  007F7C  6E12               	movwf	(_tx_data+2)^0,c
   715  007F7E                     
   716                           ;main.c: 37:         tx_data[3] = i2c_read(0);
   717  007F7E  0E00               	movlw	0
   718  007F80  EC7E  F03E         	call	_i2c_read
   719  007F84  6E13               	movwf	(_tx_data+3)^0,c
   720  007F86                     
   721                           ;main.c: 38:         tx_data[4] = i2c_read(0);
   722  007F86  0E00               	movlw	0
   723  007F88  EC7E  F03E         	call	_i2c_read
   724  007F8C  6E14               	movwf	(_tx_data+4)^0,c
   725  007F8E                     
   726                           ;main.c: 39:         tx_data[5] = i2c_read(0);
   727  007F8E  0E00               	movlw	0
   728  007F90  EC7E  F03E         	call	_i2c_read
   729  007F94  6E15               	movwf	(_tx_data+5)^0,c
   730  007F96                     
   731                           ;main.c: 40:         tx_data[6] = i2c_read(1);
   732  007F96  0E01               	movlw	1
   733  007F98  EC7E  F03E         	call	_i2c_read
   734  007F9C  6E16               	movwf	(_tx_data+6)^0,c
   735  007F9E                     
   736                           ;main.c: 41:         i2c_stop();
   737  007F9E  EC22  F03E         	call	_i2c_stop	;wreg free
   738  007FA2                     
   739                           ;main.c: 44:         for(j=0; j<7; j++) {
   740  007FA2  0E00               	movlw	0
   741  007FA4  6E1B               	movwf	_j^0,c
   742  007FA6                     l959:
   743                           
   744                           ;main.c: 45:             uart_byte(tx_data[j]);
   745  007FA6  0E10               	movlw	low _tx_data
   746  007FA8  241B               	addwf	_j^0,w,c
   747  007FAA  6ED9               	movwf	fsr2l,c
   748  007FAC  6ADA               	clrf	fsr2h,c
   749  007FAE  0E00               	movlw	high _tx_data
   750  007FB0  22DA               	addwfc	fsr2h,f,c
   751  007FB2  50DF               	movf	indf2,w,c
   752  007FB4  EC3D  F03E         	call	_uart_byte
   753  007FB8                     
   754                           ;main.c: 46:             _delay((unsigned long)((50)*(40000000UL/4000.0)));
   755  007FB8  0E03               	movlw	3
   756  007FBA  6E20               	movwf	(??_main+1)^0,c
   757  007FBC  0E8A               	movlw	138
   758  007FBE  6E1F               	movwf	??_main^0,c
   759  007FC0  0E56               	movlw	86
   760  007FC2                     u207:
   761  007FC2  2EE8               	decfsz	wreg,f,c
   762  007FC4  D7FE               	bra	u207
   763  007FC6  2E1F               	decfsz	??_main^0,f,c
   764  007FC8  D7FC               	bra	u207
   765  007FCA  2E20               	decfsz	(??_main+1)^0,f,c
   766  007FCC  D7FA               	bra	u207
   767  007FCE                     
   768                           ;main.c: 47:         }
   769  007FCE  2A1B               	incf	_j^0,f,c
   770  007FD0  0E06               	movlw	6
   771  007FD2  641B               	cpfsgt	_j^0,c
   772  007FD4  EFEE  F03F         	goto	u121
   773  007FD8  EFF0  F03F         	goto	u120
   774  007FDC                     u121:
   775  007FDC  EFD3  F03F         	goto	l959
   776  007FE0                     u120:
   777  007FE0                     
   778                           ;main.c: 48:         _delay((unsigned long)((700)*(40000000UL/4000.0)));
   779  007FE0  0E24               	movlw	36
   780  007FE2  6E20               	movwf	(??_main+1)^0,c
   781  007FE4  0E83               	movlw	131
   782  007FE6  6E1F               	movwf	??_main^0,c
   783  007FE8  0ECF               	movlw	207
   784  007FEA                     u217:
   785  007FEA  2EE8               	decfsz	wreg,f,c
   786  007FEC  D7FE               	bra	u217
   787  007FEE  2E1F               	decfsz	??_main^0,f,c
   788  007FF0  D7FC               	bra	u217
   789  007FF2  2E20               	decfsz	(??_main+1)^0,f,c
   790  007FF4  D7FA               	bra	u217
   791  007FF6  F000               	nop	
   792  007FF8  EFA6  F03F         	goto	l35
   793  007FFC  EF00  F000         	goto	start
   794  008000                     __end_of_main:
   795                           	callstack 0
   796                           
   797 ;; *************** function _uart_init *****************
   798 ;; Defined at:
   799 ;;		line 11 in file "uart_driver.c"
   800 ;; Parameters:    Size  Location     Type
   801 ;;		None
   802 ;; Auto vars:     Size  Location     Type
   803 ;;		None
   804 ;; Return value:  Size  Location     Type
   805 ;;                  1    wreg      void 
   806 ;; Registers used:
   807 ;;		wreg, status,2
   808 ;; Tracked objects:
   809 ;;		On entry : 0/0
   810 ;;		On exit  : 0/0
   811 ;;		Unchanged: 0/0
   812 ;; Data sizes:     COMRAM   BANK0   BANK1   BANK2   BANK3   BANK4   BANK5   BANK6   BANK7
   813 ;;      Params:         0       0       0       0       0       0       0       0       0
   814 ;;      Locals:         0       0       0       0       0       0       0       0       0
   815 ;;      Temps:          0       0       0       0       0       0       0       0       0
   816 ;;      Totals:         0       0       0       0       0       0       0       0       0
   817 ;;Total ram usage:        0 bytes
   818 ;; Hardware stack levels used:    1
   819 ;; This function calls:
   820 ;;		Nothing
   821 ;; This function is called by:
   822 ;;		_main
   823 ;; This function uses a non-reentrant model
   824 ;;
   825                           
   826                           	psect	text1
   827  007CA8                     __ptext1:
   828                           	callstack 0
   829  007CA8                     _uart_init:
   830                           	callstack 30
   831  007CA8                     
   832                           ;uart_driver.c: 12:     TRISCbits.RC6 = 0;
   833  007CA8  9C94               	bcf	148,6,c	;volatile
   834                           
   835                           ;uart_driver.c: 13:     TRISCbits.RC7 = 1;
   836  007CAA  8E94               	bsf	148,7,c	;volatile
   837  007CAC                     
   838                           ;uart_driver.c: 15:     SPBRG = 21;
   839  007CAC  0E15               	movlw	21
   840  007CAE  6EAF               	movwf	175,c	;volatile
   841  007CB0                     
   842                           ;uart_driver.c: 16:     TXSTAbits.BRGH = 1;
   843  007CB0  84AC               	bsf	172,2,c	;volatile
   844  007CB2                     
   845                           ;uart_driver.c: 17:     TXSTAbits.SYNC = 0;
   846  007CB2  98AC               	bcf	172,4,c	;volatile
   847  007CB4                     
   848                           ;uart_driver.c: 18:     RCSTAbits.SPEN = 1;
   849  007CB4  8EAB               	bsf	171,7,c	;volatile
   850  007CB6                     
   851                           ;uart_driver.c: 19:     RCSTAbits.CREN = 1;
   852  007CB6  88AB               	bsf	171,4,c	;volatile
   853  007CB8                     
   854                           ;uart_driver.c: 20:     TXSTAbits.TX9 = 0;
   855  007CB8  9CAC               	bcf	172,6,c	;volatile
   856  007CBA                     
   857                           ;uart_driver.c: 21:     RCSTAbits.RX9 = 0;
   858  007CBA  9CAB               	bcf	171,6,c	;volatile
   859  007CBC                     
   860                           ;uart_driver.c: 22:     TXSTAbits.TXEN = 1;
   861  007CBC  8AAC               	bsf	172,5,c	;volatile
   862  007CBE  0012               	return		;funcret
   863  007CC0                     __end_of_uart_init:
   864                           	callstack 0
   865                           
   866 ;; *************** function _uart_byte *****************
   867 ;; Defined at:
   868 ;;		line 25 in file "uart_driver.c"
   869 ;; Parameters:    Size  Location     Type
   870 ;;  data            1    wreg     unsigned char 
   871 ;; Auto vars:     Size  Location     Type
   872 ;;  data            1    0[COMRAM] unsigned char 
   873 ;; Return value:  Size  Location     Type
   874 ;;                  1    wreg      void 
   875 ;; Registers used:
   876 ;;		wreg
   877 ;; Tracked objects:
   878 ;;		On entry : 0/0
   879 ;;		On exit  : 0/0
   880 ;;		Unchanged: 0/0
   881 ;; Data sizes:     COMRAM   BANK0   BANK1   BANK2   BANK3   BANK4   BANK5   BANK6   BANK7
   882 ;;      Params:         0       0       0       0       0       0       0       0       0
   883 ;;      Locals:         1       0       0       0       0       0       0       0       0
   884 ;;      Temps:          0       0       0       0       0       0       0       0       0
   885 ;;      Totals:         1       0       0       0       0       0       0       0       0
   886 ;;Total ram usage:        1 bytes
   887 ;; Hardware stack levels used:    1
   888 ;; This function calls:
   889 ;;		Nothing
   890 ;; This function is called by:
   891 ;;		_main
   892 ;;		_uart_str
   893 ;; This function uses a non-reentrant model
   894 ;;
   895                           
   896                           	psect	text2
   897  007C7A                     __ptext2:
   898                           	callstack 0
   899  007C7A                     _uart_byte:
   900                           	callstack 30
   901                           
   902                           ;incstack = 0
   903                           ;uart_byte@data stored from wreg
   904  007C7A  6E1D               	movwf	uart_byte@data^0,c
   905  007C7C                     l119:
   906  007C7C  A89E               	btfss	158,4,c	;volatile
   907  007C7E  EF43  F03E         	goto	u101
   908  007C82  EF45  F03E         	goto	u100
   909  007C86                     u101:
   910  007C86  EF3E  F03E         	goto	l119
   911  007C8A                     u100:
   912  007C8A                     
   913                           ;uart_driver.c: 27:     TXREG = data;
   914  007C8A  C01D  FFAD         	movff	uart_byte@data,4013	;volatile
   915  007C8E  0012               	return		;funcret
   916  007C90                     __end_of_uart_byte:
   917                           	callstack 0
   918                           
   919 ;; *************** function _i2c_write *****************
   920 ;; Defined at:
   921 ;;		line 49 in file "i2c_driver.c"
   922 ;; Parameters:    Size  Location     Type
   923 ;;  data            1    wreg     unsigned char 
   924 ;; Auto vars:     Size  Location     Type
   925 ;;  data            1    0[COMRAM] unsigned char 
   926 ;; Return value:  Size  Location     Type
   927 ;;                  1    wreg      void 
   928 ;; Registers used:
   929 ;;		wreg, cstack
   930 ;; Tracked objects:
   931 ;;		On entry : 0/0
   932 ;;		On exit  : 0/0
   933 ;;		Unchanged: 0/0
   934 ;; Data sizes:     COMRAM   BANK0   BANK1   BANK2   BANK3   BANK4   BANK5   BANK6   BANK7
   935 ;;      Params:         0       0       0       0       0       0       0       0       0
   936 ;;      Locals:         1       0       0       0       0       0       0       0       0
   937 ;;      Temps:          0       0       0       0       0       0       0       0       0
   938 ;;      Totals:         1       0       0       0       0       0       0       0       0
   939 ;;Total ram usage:        1 bytes
   940 ;; Hardware stack levels used:    1
   941 ;; Hardware stack levels required when called:    2
   942 ;; This function calls:
   943 ;;		_i2c_wait
   944 ;; This function is called by:
   945 ;;		_main
   946 ;; This function uses a non-reentrant model
   947 ;;
   948                           
   949                           	psect	text3
   950  007CC0                     __ptext3:
   951                           	callstack 0
   952  007CC0                     _i2c_write:
   953                           	callstack 28
   954                           
   955                           ;incstack = 0
   956                           ;i2c_write@data stored from wreg
   957  007CC0  6E1D               	movwf	i2c_write@data^0,c
   958  007CC2                     
   959                           ;i2c_driver.c: 50:     SSPBUF = data;
   960  007CC2  C01D  FFC9         	movff	i2c_write@data,4041	;volatile
   961  007CC6                     l83:
   962  007CC6  B0C7               	btfsc	199,0,c	;volatile
   963  007CC8  EF68  F03E         	goto	u51
   964  007CCC  EF6A  F03E         	goto	u50
   965  007CD0                     u51:
   966  007CD0  EF63  F03E         	goto	l83
   967  007CD4                     u50:
   968  007CD4                     
   969                           ;i2c_driver.c: 52:     i2c_wait();
   970  007CD4  EC6D  F03E         	call	_i2c_wait	;wreg free
   971  007CD8  0012               	return		;funcret
   972  007CDA                     __end_of_i2c_write:
   973                           	callstack 0
   974                           
   975 ;; *************** function _i2c_start *****************
   976 ;; Defined at:
   977 ;;		line 26 in file "i2c_driver.c"
   978 ;; Parameters:    Size  Location     Type
   979 ;;		None
   980 ;; Auto vars:     Size  Location     Type
   981 ;;		None
   982 ;; Return value:  Size  Location     Type
   983 ;;                  1    wreg      void 
   984 ;; Registers used:
   985 ;;		None
   986 ;; Tracked objects:
   987 ;;		On entry : 0/0
   988 ;;		On exit  : 0/0
   989 ;;		Unchanged: 0/0
   990 ;; Data sizes:     COMRAM   BANK0   BANK1   BANK2   BANK3   BANK4   BANK5   BANK6   BANK7
   991 ;;      Params:         0       0       0       0       0       0       0       0       0
   992 ;;      Locals:         0       0       0       0       0       0       0       0       0
   993 ;;      Temps:          0       0       0       0       0       0       0       0       0
   994 ;;      Totals:         0       0       0       0       0       0       0       0       0
   995 ;;Total ram usage:        0 bytes
   996 ;; Hardware stack levels used:    1
   997 ;; This function calls:
   998 ;;		Nothing
   999 ;; This function is called by:
  1000 ;;		_main
  1001 ;; This function uses a non-reentrant model
  1002 ;;
  1003                           
  1004                           	psect	text4
  1005  007C68                     __ptext4:
  1006                           	callstack 0
  1007  007C68                     _i2c_start:
  1008                           	callstack 30
  1009  007C68                     
  1010                           ;i2c_driver.c: 27:     SSPCON2bits.SEN = 1;
  1011  007C68  80C5               	bsf	197,0,c	;volatile
  1012  007C6A                     l58:
  1013  007C6A  B0C5               	btfsc	197,0,c	;volatile
  1014  007C6C  EF3A  F03E         	goto	u41
  1015  007C70  EF3C  F03E         	goto	u40
  1016  007C74                     u41:
  1017  007C74  EF35  F03E         	goto	l58
  1018  007C78                     u40:
  1019  007C78  0012               	return		;funcret
  1020  007C7A                     __end_of_i2c_start:
  1021                           	callstack 0
  1022                           
  1023 ;; *************** function _i2c_restart *****************
  1024 ;; Defined at:
  1025 ;;		line 36 in file "i2c_driver.c"
  1026 ;; Parameters:    Size  Location     Type
  1027 ;;		None
  1028 ;; Auto vars:     Size  Location     Type
  1029 ;;		None
  1030 ;; Return value:  Size  Location     Type
  1031 ;;                  1    wreg      void 
  1032 ;; Registers used:
  1033 ;;		None
  1034 ;; Tracked objects:
  1035 ;;		On entry : 0/0
  1036 ;;		On exit  : 0/0
  1037 ;;		Unchanged: 0/0
  1038 ;; Data sizes:     COMRAM   BANK0   BANK1   BANK2   BANK3   BANK4   BANK5   BANK6   BANK7
  1039 ;;      Params:         0       0       0       0       0       0       0       0       0
  1040 ;;      Locals:         0       0       0       0       0       0       0       0       0
  1041 ;;      Temps:          0       0       0       0       0       0       0       0       0
  1042 ;;      Totals:         0       0       0       0       0       0       0       0       0
  1043 ;;Total ram usage:        0 bytes
  1044 ;; Hardware stack levels used:    1
  1045 ;; This function calls:
  1046 ;;		Nothing
  1047 ;; This function is called by:
  1048 ;;		_main
  1049 ;; This function uses a non-reentrant model
  1050 ;;
  1051                           
  1052                           	psect	text5
  1053  007C56                     __ptext5:
  1054                           	callstack 0
  1055  007C56                     _i2c_restart:
  1056                           	callstack 30
  1057  007C56                     
  1058                           ;i2c_driver.c: 37:     SSPCON2bits.RSEN = 1;
  1059  007C56  82C5               	bsf	197,1,c	;volatile
  1060  007C58                     l70:
  1061  007C58  B2C5               	btfsc	197,1,c	;volatile
  1062  007C5A  EF31  F03E         	goto	u61
  1063  007C5E  EF33  F03E         	goto	u60
  1064  007C62                     u61:
  1065  007C62  EF2C  F03E         	goto	l70
  1066  007C66                     u60:
  1067  007C66  0012               	return		;funcret
  1068  007C68                     __end_of_i2c_restart:
  1069                           	callstack 0
  1070                           
  1071 ;; *************** function _i2c_read *****************
  1072 ;; Defined at:
  1073 ;;		line 55 in file "i2c_driver.c"
  1074 ;; Parameters:    Size  Location     Type
  1075 ;;  ack             1    wreg     unsigned char 
  1076 ;; Auto vars:     Size  Location     Type
  1077 ;;  ack             1    0[COMRAM] unsigned char 
  1078 ;;  receive         1    1[COMRAM] unsigned char 
  1079 ;; Return value:  Size  Location     Type
  1080 ;;                  1    wreg      unsigned char 
  1081 ;; Registers used:
  1082 ;;		wreg, status,2, cstack
  1083 ;; Tracked objects:
  1084 ;;		On entry : 0/0
  1085 ;;		On exit  : 0/0
  1086 ;;		Unchanged: 0/0
  1087 ;; Data sizes:     COMRAM   BANK0   BANK1   BANK2   BANK3   BANK4   BANK5   BANK6   BANK7
  1088 ;;      Params:         0       0       0       0       0       0       0       0       0
  1089 ;;      Locals:         2       0       0       0       0       0       0       0       0
  1090 ;;      Temps:          0       0       0       0       0       0       0       0       0
  1091 ;;      Totals:         2       0       0       0       0       0       0       0       0
  1092 ;;Total ram usage:        2 bytes
  1093 ;; Hardware stack levels used:    1
  1094 ;; Hardware stack levels required when called:    2
  1095 ;; This function calls:
  1096 ;;		_i2c_wait
  1097 ;; This function is called by:
  1098 ;;		_main
  1099 ;; This function uses a non-reentrant model
  1100 ;;
  1101                           
  1102                           	psect	text6
  1103  007CFC                     __ptext6:
  1104                           	callstack 0
  1105  007CFC                     _i2c_read:
  1106                           	callstack 28
  1107                           
  1108                           ;incstack = 0
  1109                           ;i2c_read@ack stored from wreg
  1110  007CFC  6E1D               	movwf	i2c_read@ack^0,c
  1111  007CFE                     
  1112                           ;i2c_driver.c: 57:     SSPCON2bits.RCEN = 1;
  1113  007CFE  86C5               	bsf	197,3,c	;volatile
  1114  007D00                     l89:
  1115  007D00  A0C7               	btfss	199,0,c	;volatile
  1116  007D02  EF85  F03E         	goto	u71
  1117  007D06  EF87  F03E         	goto	u70
  1118  007D0A                     u71:
  1119  007D0A  EF80  F03E         	goto	l89
  1120  007D0E                     u70:
  1121  007D0E                     
  1122                           ;i2c_driver.c: 59:     receive = SSPBUF;
  1123  007D0E  CFC9 F01E          	movff	4041,i2c_read@receive	;volatile
  1124  007D12                     
  1125                           ;i2c_driver.c: 60:     i2c_wait();
  1126  007D12  EC6D  F03E         	call	_i2c_wait	;wreg free
  1127  007D16                     
  1128                           ;i2c_driver.c: 61:     SSPCON2bits.ACKDT = ack;
  1129  007D16  B01D               	btfsc	i2c_read@ack^0,0,c
  1130  007D18  D002               	bra	u85
  1131  007D1A  9AC5               	bcf	197,5,c	;volatile
  1132  007D1C  D001               	bra	u86
  1133  007D1E                     u85:
  1134  007D1E  8AC5               	bsf	197,5,c	;volatile
  1135  007D20                     u86:
  1136  007D20                     
  1137                           ;i2c_driver.c: 62:     SSPCON2bits.ACKEN=1;
  1138  007D20  88C5               	bsf	197,4,c	;volatile
  1139  007D22                     l92:
  1140  007D22  B8C5               	btfsc	197,4,c	;volatile
  1141  007D24  EF96  F03E         	goto	u91
  1142  007D28  EF98  F03E         	goto	u90
  1143  007D2C                     u91:
  1144  007D2C  EF91  F03E         	goto	l92
  1145  007D30                     u90:
  1146  007D30                     
  1147                           ;i2c_driver.c: 64:     return receive;
  1148  007D30  501E               	movf	i2c_read@receive^0,w,c
  1149  007D32  0012               	return		;funcret
  1150  007D34                     __end_of_i2c_read:
  1151                           	callstack 0
  1152                           
  1153 ;; *************** function _i2c_wait *****************
  1154 ;; Defined at:
  1155 ;;		line 41 in file "i2c_driver.c"
  1156 ;; Parameters:    Size  Location     Type
  1157 ;;		None
  1158 ;; Auto vars:     Size  Location     Type
  1159 ;;		None
  1160 ;; Return value:  Size  Location     Type
  1161 ;;                  1    wreg      void 
  1162 ;; Registers used:
  1163 ;;		cstack
  1164 ;; Tracked objects:
  1165 ;;		On entry : 0/0
  1166 ;;		On exit  : 0/0
  1167 ;;		Unchanged: 0/0
  1168 ;; Data sizes:     COMRAM   BANK0   BANK1   BANK2   BANK3   BANK4   BANK5   BANK6   BANK7
  1169 ;;      Params:         0       0       0       0       0       0       0       0       0
  1170 ;;      Locals:         0       0       0       0       0       0       0       0       0
  1171 ;;      Temps:          0       0       0       0       0       0       0       0       0
  1172 ;;      Totals:         0       0       0       0       0       0       0       0       0
  1173 ;;Total ram usage:        0 bytes
  1174 ;; Hardware stack levels used:    1
  1175 ;; Hardware stack levels required when called:    1
  1176 ;; This function calls:
  1177 ;;		_i2c_stop
  1178 ;; This function is called by:
  1179 ;;		_i2c_write
  1180 ;;		_i2c_read
  1181 ;; This function uses a non-reentrant model
  1182 ;;
  1183                           
  1184                           	psect	text7
  1185  007CDA                     __ptext7:
  1186                           	callstack 0
  1187  007CDA                     _i2c_wait:
  1188                           	callstack 28
  1189  007CDA                     l76:
  1190                           
  1191                           ;i2c_driver.c: 42:  while(SSPSTATbits.R_NOT_W == 1)
  1192  007CDA  B4C7               	btfsc	199,2,c	;volatile
  1193  007CDC  EF72  F03E         	goto	u21
  1194  007CE0  EF74  F03E         	goto	u20
  1195  007CE4                     u21:
  1196  007CE4  EF6D  F03E         	goto	l76
  1197  007CE8                     u20:
  1198  007CE8                     
  1199                           ;i2c_driver.c: 44:  if(SSPCON2bits.ACKSTAT == 1) {
  1200  007CE8  ACC5               	btfss	197,6,c	;volatile
  1201  007CEA  EF79  F03E         	goto	u31
  1202  007CEE  EF7B  F03E         	goto	u30
  1203  007CF2                     u31:
  1204  007CF2  EF7D  F03E         	goto	l80
  1205  007CF6                     u30:
  1206  007CF6                     
  1207                           ;i2c_driver.c: 45:   i2c_stop();
  1208  007CF6  EC22  F03E         	call	_i2c_stop	;wreg free
  1209  007CFA                     l80:
  1210  007CFA  0012               	return		;funcret
  1211  007CFC                     __end_of_i2c_wait:
  1212                           	callstack 0
  1213                           
  1214 ;; *************** function _i2c_stop *****************
  1215 ;; Defined at:
  1216 ;;		line 31 in file "i2c_driver.c"
  1217 ;; Parameters:    Size  Location     Type
  1218 ;;		None
  1219 ;; Auto vars:     Size  Location     Type
  1220 ;;		None
  1221 ;; Return value:  Size  Location     Type
  1222 ;;                  1    wreg      void 
  1223 ;; Registers used:
  1224 ;;		None
  1225 ;; Tracked objects:
  1226 ;;		On entry : 0/0
  1227 ;;		On exit  : 0/0
  1228 ;;		Unchanged: 0/0
  1229 ;; Data sizes:     COMRAM   BANK0   BANK1   BANK2   BANK3   BANK4   BANK5   BANK6   BANK7
  1230 ;;      Params:         0       0       0       0       0       0       0       0       0
  1231 ;;      Locals:         0       0       0       0       0       0       0       0       0
  1232 ;;      Temps:          0       0       0       0       0       0       0       0       0
  1233 ;;      Totals:         0       0       0       0       0       0       0       0       0
  1234 ;;Total ram usage:        0 bytes
  1235 ;; Hardware stack levels used:    1
  1236 ;; This function calls:
  1237 ;;		Nothing
  1238 ;; This function is called by:
  1239 ;;		_main
  1240 ;;		_i2c_wait
  1241 ;; This function uses a non-reentrant model
  1242 ;;
  1243                           
  1244                           	psect	text8
  1245  007C44                     __ptext8:
  1246                           	callstack 0
  1247  007C44                     _i2c_stop:
  1248                           	callstack 28
  1249  007C44                     
  1250                           ;i2c_driver.c: 32:     SSPCON2bits.PEN = 1;
  1251  007C44  84C5               	bsf	197,2,c	;volatile
  1252  007C46                     l64:
  1253  007C46  B4C5               	btfsc	197,2,c	;volatile
  1254  007C48  EF28  F03E         	goto	u11
  1255  007C4C  EF2A  F03E         	goto	u10
  1256  007C50                     u11:
  1257  007C50  EF23  F03E         	goto	l64
  1258  007C54                     u10:
  1259  007C54  0012               	return		;funcret
  1260  007C56                     __end_of_i2c_stop:
  1261                           	callstack 0
  1262                           
  1263 ;; *************** function _i2c_init *****************
  1264 ;; Defined at:
  1265 ;;		line 13 in file "i2c_driver.c"
  1266 ;; Parameters:    Size  Location     Type
  1267 ;;		None
  1268 ;; Auto vars:     Size  Location     Type
  1269 ;;		None
  1270 ;; Return value:  Size  Location     Type
  1271 ;;                  1    wreg      void 
  1272 ;; Registers used:
  1273 ;;		wreg, status,2
  1274 ;; Tracked objects:
  1275 ;;		On entry : 0/0
  1276 ;;		On exit  : 0/0
  1277 ;;		Unchanged: 0/0
  1278 ;; Data sizes:     COMRAM   BANK0   BANK1   BANK2   BANK3   BANK4   BANK5   BANK6   BANK7
  1279 ;;      Params:         0       0       0       0       0       0       0       0       0
  1280 ;;      Locals:         0       0       0       0       0       0       0       0       0
  1281 ;;      Temps:          0       0       0       0       0       0       0       0       0
  1282 ;;      Totals:         0       0       0       0       0       0       0       0       0
  1283 ;;Total ram usage:        0 bytes
  1284 ;; Hardware stack levels used:    1
  1285 ;; This function calls:
  1286 ;;		Nothing
  1287 ;; This function is called by:
  1288 ;;		_main
  1289 ;; This function uses a non-reentrant model
  1290 ;;
  1291                           
  1292                           	psect	text9
  1293  007C90                     __ptext9:
  1294                           	callstack 0
  1295  007C90                     _i2c_init:
  1296                           	callstack 30
  1297  007C90                     
  1298                           ;i2c_driver.c: 14:     TRISBbits.RB0 = 1;
  1299  007C90  8093               	bsf	147,0,c	;volatile
  1300                           
  1301                           ;i2c_driver.c: 15:     TRISBbits.RB1 = 1;
  1302  007C92  8293               	bsf	147,1,c	;volatile
  1303                           
  1304                           ;i2c_driver.c: 17:     SSPSTATbits.SMP = 1;
  1305  007C94  8EC7               	bsf	199,7,c	;volatile
  1306                           
  1307                           ;i2c_driver.c: 18:     SSPSTATbits.CKE = 0;
  1308  007C96  9CC7               	bcf	199,6,c	;volatile
  1309                           
  1310                           ;i2c_driver.c: 20:     SSPCON1bits.SSPEN = 1;
  1311  007C98  8AC6               	bsf	198,5,c	;volatile
  1312  007C9A                     
  1313                           ;i2c_driver.c: 21:     SSPCON1bits.SSPM = 0b1000;
  1314  007C9A  50C6               	movf	198,w,c	;volatile
  1315  007C9C  0BF0               	andlw	-16
  1316  007C9E  0908               	iorlw	8
  1317  007CA0  6EC6               	movwf	198,c	;volatile
  1318                           
  1319                           ;i2c_driver.c: 23:     SSPADD = 99;
  1320  007CA2  0E63               	movlw	99
  1321  007CA4  6EC8               	movwf	200,c	;volatile
  1322  007CA6  0012               	return		;funcret
  1323  007CA8                     __end_of_i2c_init:
  1324                           	callstack 0
  1325  0000                     
  1326                           	psect	rparam
  1327  0000                     
  1328                           	psect	idloc
  1329                           
  1330                           ;Config register IDLOC0 @ 0x200000
  1331                           ;	unspecified, using default values
  1332  200000                     	org	2097152
  1333  200000  FF                 	db	255
  1334                           
  1335                           ;Config register IDLOC1 @ 0x200001
  1336                           ;	unspecified, using default values
  1337  200001                     	org	2097153
  1338  200001  FF                 	db	255
  1339                           
  1340                           ;Config register IDLOC2 @ 0x200002
  1341                           ;	unspecified, using default values
  1342  200002                     	org	2097154
  1343  200002  FF                 	db	255
  1344                           
  1345                           ;Config register IDLOC3 @ 0x200003
  1346                           ;	unspecified, using default values
  1347  200003                     	org	2097155
  1348  200003  FF                 	db	255
  1349                           
  1350                           ;Config register IDLOC4 @ 0x200004
  1351                           ;	unspecified, using default values
  1352  200004                     	org	2097156
  1353  200004  FF                 	db	255
  1354                           
  1355                           ;Config register IDLOC5 @ 0x200005
  1356                           ;	unspecified, using default values
  1357  200005                     	org	2097157
  1358  200005  FF                 	db	255
  1359                           
  1360                           ;Config register IDLOC6 @ 0x200006
  1361                           ;	unspecified, using default values
  1362  200006                     	org	2097158
  1363  200006  FF                 	db	255
  1364                           
  1365                           ;Config register IDLOC7 @ 0x200007
  1366                           ;	unspecified, using default values
  1367  200007                     	org	2097159
  1368  200007  FF                 	db	255
  1369                           
  1370                           	psect	config
  1371                           
  1372                           ;Config register CONFIG1L @ 0x300000
  1373                           ;	PLL Prescaler Selection bits
  1374                           ;	PLLDIV = 1, No prescale (4 MHz oscillator input drives PLL directly)
  1375                           ;	System Clock Postscaler Selection bits
  1376                           ;	CPUDIV = OSC1_PLL2, [Primary Oscillator Src: /1][96 MHz PLL Src: /2]
  1377                           ;	USB Clock Selection bit (used in Full-Speed USB mode only; UCFG:FSEN = 1)
  1378                           ;	USBDIV = 1, USB clock source comes directly from the primary oscillator block with no 
      +                          postscale
  1379  300000                     	org	3145728
  1380  300000  00                 	db	0
  1381                           
  1382                           ;Config register CONFIG1H @ 0x300001
  1383                           ;	Oscillator Selection bits
  1384                           ;	FOSC = HS, HS oscillator (HS)
  1385                           ;	Fail-Safe Clock Monitor Enable bit
  1386                           ;	FCMEN = OFF, Fail-Safe Clock Monitor disabled
  1387                           ;	Internal/External Oscillator Switchover bit
  1388                           ;	IESO = OFF, Oscillator Switchover mode disabled
  1389  300001                     	org	3145729
  1390  300001  0C                 	db	12
  1391                           
  1392                           ;Config register CONFIG2L @ 0x300002
  1393                           ;	Power-up Timer Enable bit
  1394                           ;	PWRT = OFF, PWRT disabled
  1395                           ;	Brown-out Reset Enable bits
  1396                           ;	BOR = OFF, Brown-out Reset disabled in hardware and software
  1397                           ;	Brown-out Reset Voltage bits
  1398                           ;	BORV = 3, Minimum setting 2.05V
  1399                           ;	USB Voltage Regulator Enable bit
  1400                           ;	VREGEN = OFF, USB voltage regulator disabled
  1401  300002                     	org	3145730
  1402  300002  19                 	db	25
  1403                           
  1404                           ;Config register CONFIG2H @ 0x300003
  1405                           ;	Watchdog Timer Enable bit
  1406                           ;	WDT = OFF, WDT disabled (control is placed on the SWDTEN bit)
  1407                           ;	Watchdog Timer Postscale Select bits
  1408                           ;	WDTPS = 32768, 1:32768
  1409  300003                     	org	3145731
  1410  300003  1E                 	db	30
  1411                           
  1412                           ; Padding undefined space
  1413  300004                     	org	3145732
  1414  300004  FF                 	db	255
  1415                           
  1416                           ;Config register CONFIG3H @ 0x300005
  1417                           ;	CCP2 MUX bit
  1418                           ;	CCP2MX = ON, CCP2 input/output is multiplexed with RC1
  1419                           ;	PORTB A/D Enable bit
  1420                           ;	PBADEN = ON, PORTB<4:0> pins are configured as analog input channels on Reset
  1421                           ;	Low-Power Timer 1 Oscillator Enable bit
  1422                           ;	LPT1OSC = OFF, Timer1 configured for higher power operation
  1423                           ;	MCLR Pin Enable bit
  1424                           ;	MCLRE = OFF, RE3 input pin enabled; MCLR pin disabled
  1425  300005                     	org	3145733
  1426  300005  03                 	db	3
  1427                           
  1428                           ;Config register CONFIG4L @ 0x300006
  1429                           ;	Stack Full/Underflow Reset Enable bit
  1430                           ;	STVREN = OFF, Stack full/underflow will not cause Reset
  1431                           ;	Single-Supply ICSP Enable bit
  1432                           ;	LVP = ON, Single-Supply ICSP enabled
  1433                           ;	Dedicated In-Circuit Debug/Programming Port (ICPORT) Enable bit
  1434                           ;	ICPRT = OFF, ICPORT disabled
  1435                           ;	Extended Instruction Set Enable bit
  1436                           ;	XINST = OFF, Instruction set extension and Indexed Addressing mode disabled (Legacy mo
      +                          de)
  1437                           ;	Background Debugger Enable bit
  1438                           ;	DEBUG = 0x1, unprogrammed default
  1439  300006                     	org	3145734
  1440  300006  84                 	db	132
  1441                           
  1442                           ; Padding undefined space
  1443  300007                     	org	3145735
  1444  300007  FF                 	db	255
  1445                           
  1446                           ;Config register CONFIG5L @ 0x300008
  1447                           ;	Code Protection bit
  1448                           ;	CP0 = OFF, Block 0 (000800-001FFFh) is not code-protected
  1449                           ;	Code Protection bit
  1450                           ;	CP1 = OFF, Block 1 (002000-003FFFh) is not code-protected
  1451                           ;	Code Protection bit
  1452                           ;	CP2 = OFF, Block 2 (004000-005FFFh) is not code-protected
  1453                           ;	Code Protection bit
  1454                           ;	CP3 = OFF, Block 3 (006000-007FFFh) is not code-protected
  1455  300008                     	org	3145736
  1456  300008  0F                 	db	15
  1457                           
  1458                           ;Config register CONFIG5H @ 0x300009
  1459                           ;	Boot Block Code Protection bit
  1460                           ;	CPB = OFF, Boot block (000000-0007FFh) is not code-protected
  1461                           ;	Data EEPROM Code Protection bit
  1462                           ;	CPD = OFF, Data EEPROM is not code-protected
  1463  300009                     	org	3145737
  1464  300009  C0                 	db	192
  1465                           
  1466                           ;Config register CONFIG6L @ 0x30000A
  1467                           ;	Write Protection bit
  1468                           ;	WRT0 = OFF, Block 0 (000800-001FFFh) is not write-protected
  1469                           ;	Write Protection bit
  1470                           ;	WRT1 = OFF, Block 1 (002000-003FFFh) is not write-protected
  1471                           ;	Write Protection bit
  1472                           ;	WRT2 = OFF, Block 2 (004000-005FFFh) is not write-protected
  1473                           ;	Write Protection bit
  1474                           ;	WRT3 = OFF, Block 3 (006000-007FFFh) is not write-protected
  1475  30000A                     	org	3145738
  1476  30000A  0F                 	db	15
  1477                           
  1478                           ;Config register CONFIG6H @ 0x30000B
  1479                           ;	Configuration Register Write Protection bit
  1480                           ;	WRTC = OFF, Configuration registers (300000-3000FFh) are not write-protected
  1481                           ;	Boot Block Write Protection bit
  1482                           ;	WRTB = OFF, Boot block (000000-0007FFh) is not write-protected
  1483                           ;	Data EEPROM Write Protection bit
  1484                           ;	WRTD = OFF, Data EEPROM is not write-protected
  1485  30000B                     	org	3145739
  1486  30000B  E0                 	db	224
  1487                           
  1488                           ;Config register CONFIG7L @ 0x30000C
  1489                           ;	Table Read Protection bit
  1490                           ;	EBTR0 = OFF, Block 0 (000800-001FFFh) is not protected from table reads executed in ot
      +                          her blocks
  1491                           ;	Table Read Protection bit
  1492                           ;	EBTR1 = OFF, Block 1 (002000-003FFFh) is not protected from table reads executed in ot
      +                          her blocks
  1493                           ;	Table Read Protection bit
  1494                           ;	EBTR2 = OFF, Block 2 (004000-005FFFh) is not protected from table reads executed in ot
      +                          her blocks
  1495                           ;	Table Read Protection bit
  1496                           ;	EBTR3 = OFF, Block 3 (006000-007FFFh) is not protected from table reads executed in ot
      +                          her blocks
  1497  30000C                     	org	3145740
  1498  30000C  0F                 	db	15
  1499                           
  1500                           ;Config register CONFIG7H @ 0x30000D
  1501                           ;	Boot Block Table Read Protection bit
  1502                           ;	EBTRB = OFF, Boot block (000000-0007FFh) is not protected from table reads executed in
      +                           other blocks
  1503  30000D                     	org	3145741
  1504  30000D  40                 	db	64
  1505                           tosu	equ	0xFFF
  1506                           tosh	equ	0xFFE
  1507                           tosl	equ	0xFFD
  1508                           stkptr	equ	0xFFC
  1509                           pclatu	equ	0xFFB
  1510                           pclath	equ	0xFFA
  1511                           pcl	equ	0xFF9
  1512                           tblptru	equ	0xFF8
  1513                           tblptrh	equ	0xFF7
  1514                           tblptrl	equ	0xFF6
  1515                           tablat	equ	0xFF5
  1516                           prodh	equ	0xFF4
  1517                           prodl	equ	0xFF3
  1518                           indf0	equ	0xFEF
  1519                           postinc0	equ	0xFEE
  1520                           postdec0	equ	0xFED
  1521                           preinc0	equ	0xFEC
  1522                           plusw0	equ	0xFEB
  1523                           fsr0h	equ	0xFEA
  1524                           fsr0l	equ	0xFE9
  1525                           wreg	equ	0xFE8
  1526                           indf1	equ	0xFE7
  1527                           postinc1	equ	0xFE6
  1528                           postdec1	equ	0xFE5
  1529                           preinc1	equ	0xFE4
  1530                           plusw1	equ	0xFE3
  1531                           fsr1h	equ	0xFE2
  1532                           fsr1l	equ	0xFE1
  1533                           bsr	equ	0xFE0
  1534                           indf2	equ	0xFDF
  1535                           postinc2	equ	0xFDE
  1536                           postdec2	equ	0xFDD
  1537                           preinc2	equ	0xFDC
  1538                           plusw2	equ	0xFDB
  1539                           fsr2h	equ	0xFDA
  1540                           fsr2l	equ	0xFD9
  1541                           status	equ	0xFD8

Data Sizes:
    Strings     0
    Constant    0
    Data        340
    BSS         13
    Persistent  0
    Stack       0

Auto Spaces:
    Space          Size  Autos    Used
    COMRAM           95      4      32
    BANK0           160      0     100
    BANK1           256      0     225
    BANK2           256      0       0
    BANK3           256      0       0
    BANK4           256      0       0
    BANK5           256      0       0
    BANK6           256      0       0
    BANK7           256      0       0

Pointer List with Targets:

    lcd_string$0	PTR const unsigned char  size(2) Largest target is 225
		 -> months(BANK1[225]), error(COMRAM[7]), days(BANK0[100]), 


Critical Paths under _main in COMRAM

    _main->_i2c_read

Critical Paths under _main in BANK0

    None.

Critical Paths under _main in BANK1

    None.

Critical Paths under _main in BANK2

    None.

Critical Paths under _main in BANK3

    None.

Critical Paths under _main in BANK4

    None.

Critical Paths under _main in BANK5

    None.

Critical Paths under _main in BANK6

    None.

Critical Paths under _main in BANK7

    None.

Call Graph Tables:

 ---------------------------------------------------------------------------------
 (Depth) Function   	        Calls       Base Space   Used Autos Params    Refs
 ---------------------------------------------------------------------------------
 (0) _main                                                 2     2      0      60
                                              2 COMRAM     2     2      0
                           _i2c_init
                           _i2c_read
                        _i2c_restart
                          _i2c_start
                           _i2c_stop
                          _i2c_write
                          _uart_byte
                          _uart_init
 ---------------------------------------------------------------------------------
 (1) _uart_init                                            0     0      0       0
 ---------------------------------------------------------------------------------
 (1) _uart_byte                                            1     1      0      15
                                              0 COMRAM     1     1      0
 ---------------------------------------------------------------------------------
 (1) _i2c_write                                            1     1      0      15
                                              0 COMRAM     1     1      0
                           _i2c_wait
 ---------------------------------------------------------------------------------
 (1) _i2c_start                                            0     0      0       0
 ---------------------------------------------------------------------------------
 (1) _i2c_restart                                          0     0      0       0
 ---------------------------------------------------------------------------------
 (1) _i2c_read                                             2     2      0      30
                                              0 COMRAM     2     2      0
                           _i2c_wait
 ---------------------------------------------------------------------------------
 (2) _i2c_wait                                             0     0      0       0
                           _i2c_stop
 ---------------------------------------------------------------------------------
 (3) _i2c_stop                                             0     0      0       0
 ---------------------------------------------------------------------------------
 (1) _i2c_init                                             0     0      0       0
 ---------------------------------------------------------------------------------
 Estimated maximum stack depth 3
 ---------------------------------------------------------------------------------

 Call Graph Graphs:

 _main (ROOT)
   _i2c_init
   _i2c_read
     _i2c_wait
       _i2c_stop
   _i2c_restart
   _i2c_start
   _i2c_stop
   _i2c_write
     _i2c_wait
       _i2c_stop
   _uart_byte
   _uart_init

 Address spaces:
Name               Size   Autos  Total    Cost      Usage
BIGRAM             7FF      0       0      21        0.0%
EEDATA             100      0       0       0        0.0%
BITBANK7           100      0       0      18        0.0%
BANK7              100      0       0      19        0.0%
BITBANK6           100      0       0      16        0.0%
BANK6              100      0       0      17        0.0%
BITBANK5           100      0       0      14        0.0%
BANK5              100      0       0      15        0.0%
BITBANK4           100      0       0      12        0.0%
BANK4              100      0       0      13        0.0%
BITBANK3           100      0       0      10        0.0%
BANK3              100      0       0      11        0.0%
BITBANK2           100      0       0       8        0.0%
BANK2              100      0       0       9        0.0%
BITBANK1           100      0       0       6        0.0%
BANK1              100      0      E1       7       87.9%
BITBANK0            A0      0       0       4        0.0%
BANK0               A0      0      64       5       62.5%
BITCOMRAM           5F      0       0       0        0.0%
COMRAM              5F      4      20       1       33.7%
BITSFR               0      0       0     200        0.0%
SFR                  0      0       0     200        0.0%
STACK                0      0       0       2        0.0%
NULL                 0      0       0       0        0.0%
ABS                  0      0     165      20        0.0%
DATA                 0      0     165       3        0.0%
CODE                 0      0       0       0        0.0%


Microchip Technology PIC18 Macro Assembler V2.31 build 20201012212115 
Symbol Table                                                                                   Fri Oct 01 22:08:43 2021

                      _i 001C                        _j 001B              _SSPSTATbits 000FC7  
                     l35 7F4C                       l61 7C78                       l70 7C58  
                     l55 7CA6                       l64 7C46                       l80 7CFA  
                     l73 7C66                       l58 7C6A                       l67 7C54  
                     l91 7D0E                       l83 7CC6                       l76 7CDA  
                     l92 7D22                       l78 7CE8                       l94 7D30  
                     l86 7CD8                       l95 7D32                       l89 7D00  
                     u10 7C54                       u11 7C50                       u20 7CE8  
                     u21 7CE4                       u30 7CF6                       u31 7CF2  
                     u40 7C78                       u41 7C74                       u50 7CD4  
                     u51 7CD0                       u60 7C66                       u61 7C62  
                     u70 7D0E                       u71 7D0A                       u90 7D30  
                     u91 7D2C                       u85 7D1E                       u86 7D20  
                    l122 7C8E                      l116 7CBE                      l119 7C7C  
                    l901 7D16                      l903 7D20                      l911 7EF8  
                    l905 7C7C                      l921 7F0C                      l913 7EFC  
                    l907 7C8A                      l931 7F50                      l923 7F1E  
                    l915 7F02                      l861 7CDA                      l941 7F76  
                    l933 7F56                      l925 7F36                      l909 7EF0  
                    l863 7CF6                      l871 7CB2                      l951 7F9E  
                    l943 7F7E                      l935 7F60                      l927 7F38  
                    l881 7CBC                      l873 7CB4                      l865 7CA8  
                    l961 7FB8                      l953 7FA2                      l945 7F86  
                    l937 7F66                      l929 7F48                      l883 7C90  
                    l859 7C44                      l891 7CD4                      l875 7CB6  
                    l867 7CAC                      l963 7FCE                      l947 7F8E  
                    l939 7F6E                      l885 7C9A                      l893 7C56  
                    l877 7CB8                      l869 7CB0                      l965 7FD0  
                    l949 7F96                      l895 7CFE                      l887 7C68  
                    l879 7CBA                      l967 7FE0                      l959 7FA6  
                    l897 7CFE                      l889 7CC2                      l899 7D12  
                    u100 7C8A                      u101 7C86                      u110 7F48  
                    u111 7F44                      u120 7FE0                      u121 7FDC  
                    u207 7FC2                      u217 7FEA                      u197 7F28  
                    _day 001A                      _rtc 0001                      wreg 000FE8  
                   _CREN 007D5C                     _days 0060                     _main 7EF0  
                   indf2 000FDF                     fsr1l 000FE1                     fsr2l 000FD9  
                   start 0000            ??_i2c_restart 001D             ___param_bank 000000  
                  ?_main 001D              i2c_read@ack 001D                    _RCREG 000FAE  
                  _SPBRG 000FAF                    _TXREG 000FAD                    _error 0009  
                  tablat 000FF5          __initialization 7D98             __end_of_main 8000  
       __end_of_i2c_init 7CA8         __end_of_i2c_read 7D34         __end_of_i2c_wait 7CFC  
       __end_of_i2c_stop 7C56      __end_of_i2c_restart 7C68                   ??_main 001F  
          __activetblptr 000002                   _SSPADD 000FC8                   _SSPBUF 000FC9  
     __size_of_i2c_start 0012       __size_of_i2c_write 001A                   clear_0 7DFE  
                 _months 0100             __pdataCOMRAM 0001                   tblptrh 000FF7  
                 tblptrl 000FF6                   tblptru 000FF8               __accesstop 0060  
__end_of__initialization 7E04            ___rparam_used 000001           __pcstackCOMRAM 001D  
            _i2c_restart 7C56             __pidataBANK0 7D34             __pidataBANK1 7E0F  
      __end_of_i2c_start 7C7A        __end_of_i2c_write 7CDA                ?_i2c_init 001D  
              ?_i2c_read 001D                ?_i2c_wait 001D                ?_i2c_stop 001D  
     __size_of_uart_byte 0016       __size_of_uart_init 0018               ??_i2c_init 001D  
             ??_i2c_read 001D               ??_i2c_wait 001D               ??_i2c_stop 001D  
                __Hparam 0000                  __Lparam 0000                  __pcinit 7D98  
                __ramtop 0800                  __ptext0 7EF0                  __ptext1 7CA8  
                __ptext2 7C7A                  __ptext3 7CC0                  __ptext4 7C68  
                __ptext5 7C56                  __ptext6 7CFC                  __ptext7 7CDA  
                __ptext8 7C44                  __ptext9 7C90          i2c_read@receive 001E  
                _tx_data 0010     end_of_initialization 7E04            __Lmediumconst 0000  
      __end_of_uart_byte 7C90        __end_of_uart_init 7CC0                _RCSTAbits 000FAB  
                postdec1 000FE5                  postinc0 000FEE            i2c_write@data 001D  
              _TRISBbits 000F93                _TRISCbits 000F94                _TXSTAbits 000FAC  
           ?_i2c_restart 001D            __pidataCOMRAM 7C35      start_initialization 7D98  
              _i2c_start 7C68                _i2c_write 7CC0        __size_of_i2c_init 0018  
      __size_of_i2c_read 0038        __size_of_i2c_wait 0022        __size_of_i2c_stop 0012  
            __pdataBANK0 0060              __pdataBANK1 0100              __pbssCOMRAM 0010  
             ?_i2c_start 001D               ?_i2c_write 001D                 _PIR1bits 000F9E  
              _uart_byte 7C7A                _uart_init 7CA8     __size_of_i2c_restart 0012  
            ??_i2c_start 001D              ??_i2c_write 001D                copy_data0 7DAC  
              copy_data1 7DCC                copy_data2 7DEC                 _i2c_init 7C90  
               _i2c_read 7CFC                 _i2c_wait 7CDA                 _i2c_stop 7C44  
               __Hrparam 0000                 __Lrparam 0000               ?_uart_byte 001D  
             ?_uart_init 001D            __size_of_main 0110            uart_byte@data 001D  
            ??_uart_byte 001D              ??_uart_init 001D              _SSPCON1bits 000FC6  
            _SSPCON2bits 000FC5  
